<?xml version="1.0" encoding="UTF-8"?>
<!-- Generated by org.testng.reporters.JUnitReportReporter -->
<testsuite skipped="0" hostname="ra" name="session5homework.homework" tests="1" failures="0" timestamp="10 Dec 2019 21:01:06 GMT" time="16.557" errors="0">
  <testcase name="homework" time="16.557" classname="session5homework.homework"/>
</testsuite> <!-- session5homework.homework -->
